14-04-23 06:20:30 127.0.0.1 "Chromium";v="112", "Google Chrome";v="112", "Not:A-Brand";v="99" [ERROR] wewe In file/mnt/Ahmed/Courses/ITI 9 Months Intake 43/Php/project/Project/Core/Logger.php
14-04-23 06:22:52 127.0.0.1 "Chromium";v="112", "Google Chrome";v="112", "Not:A-Brand";v="99" [ERROR] There is an error In line There is an error In file /mnt/Ahmed/Courses/ITI 9 Months Intake 43/Php/project/Project/Core/Logger.php
14-04-23 06:23:19 127.0.0.1 "Chromium";v="112", "Google Chrome";v="112", "Not:A-Brand";v="99" [ERROR] There is an error In line 61 In file /mnt/Ahmed/Courses/ITI 9 Months Intake 43/Php/project/Project/Core/Logger.php
14-04-23 06:23:36 127.0.0.1 "Chromium";v="112", "Google Chrome";v="112", "Not:A-Brand";v="99" [ERROR] There is an error In line 61 In file /mnt/Ahmed/Courses/ITI 9 Months Intake 43/Php/project/Project/Core/Logger.php
14-04-23 06:24:03 127.0.0.1 "Chromium";v="112", "Google Chrome";v="112", "Not:A-Brand";v="99" [ERROR] " There is an error " In line 61 In file /mnt/Ahmed/Courses/ITI 9 Months Intake 43/Php/project/Project/Core/Logger.php
14-04-23 06:26:41, 127.0.0.1, "Chromium";v="112", "Google Chrome";v="112", "Not:A-Brand";v="99", [ERROR], "There is an error", In line 62, In file /mnt/Ahmed/Courses/ITI 9 Months Intake 43/Php/project/Project/Core/Logger.php
14-04-23 06:36:29, 127.0.0.1, "Chromium";v="112", "Google Chrome";v="112", "Not:A-Brand";v="99", [ERROR], "There is an error", In line 50, In file /mnt/Ahmed/Courses/ITI 9 Months Intake 43/Php/project/Project/Core/Logger.php
14-04-23 06:37:10, 127.0.0.1, "Chromium";v="112", "Google Chrome";v="112", "Not:A-Brand";v="99", [ERROR], "There is an error", In line 33, In file /mnt/Ahmed/Courses/ITI 9 Months Intake 43/Php/project/Project/Core/Logger.php
14-04-23 06:40:20, 127.0.0.1, "Chromium";v="112", "Google Chrome";v="112", "Not:A-Brand";v="99", [ERROR], "There is an error", In line 11, In file /mnt/Ahmed/Courses/ITI 9 Months Intake 43/Php/project/Project/Http/controllers/index.php
14-04-23 06:41:14, 127.0.0.1, "Chromium";v="112", "Google Chrome";v="112", "Not:A-Brand";v="99", [ERROR], "There is an error", In line 27, In file /mnt/Ahmed/Courses/ITI 9 Months Intake 43/Php/project/Project/public/index.php
14-04-23 06:45:36, 127.0.0.1, "Chromium";v="112", "Google Chrome";v="112", "Not:A-Brand";v="99", [ERROR], "There is an error", In line 50, In file /mnt/Ahmed/Courses/ITI 9 Months Intake 43/Php/project/Project/Core/Logger.php
14-04-23 06:51:06, 127.0.0.1, "Chromium";v="112", "Google Chrome";v="112", "Not:A-Brand";v="99", [ERROR], "There is an error", In line 11, In file /mnt/Ahmed/Courses/ITI 9 Months Intake 43/Php/project/Project/Http/controllers/index.php
14-04-23 09:25:38, 127.0.0.1, "Chromium";v="112", "Google Chrome";v="112", "Not:A-Brand";v="99", [ERROR], "There is an error", In line 11, In file /mnt/Ahmed/Courses/ITI 9 Months Intake 43/Php/project/Project/Http/controllers/index.php
14-04-23 09:30:28, 127.0.0.1, "Chromium";v="112", "Google Chrome";v="112", "Not:A-Brand";v="99", [ERROR], "There is an error", In line 11, In file /mnt/Ahmed/Courses/ITI 9 Months Intake 43/Php/project/Project/Http/controllers/index.php
14-04-23 09:32:31, 127.0.0.1, "Chromium";v="112", "Google Chrome";v="112", "Not:A-Brand";v="99", [WARNING], "There is an error", In line 7, In file /mnt/Ahmed/Courses/ITI 9 Months Intake 43/Php/project/Project/Http/controllers/index.php
16-04-23 09:29:50, ::1, "Chromium";v="112", "Google Chrome";v="112", "Not:A-Brand";v="99", [ERROR], "SQLSTATE[42S22]: Column not found: 1054 Unknown column 'groups.name' in 'field list'", In line 28, In file C:\xampp\htdocs\Articles-dashboard\Core\Database.php
